<?xml version="1.0" encoding="UTF-8"?>
<!-- Generated by org.testng.reporters.JUnitReportReporter -->
<testsuite skipped="0" hostname="LAPTOP-7BFTBBFH" name="test.AddCategory_TestPage" tests="1" failures="0" timestamp="2021-09-02T18:01:11 CDT" time="9.954" errors="0">
  <testcase name="AddCategory" time="9.954" classname="test.AddCategory_TestPage"/>
  <system-out/>
</testsuite> <!-- test.AddCategory_TestPage -->
