<?xml version="1.0" encoding="UTF-8"?>
<!-- Generated by org.testng.reporters.JUnitReportReporter -->
<testsuite skipped="0" hostname="LAPTOP-7BFTBBFH" name="page.Month_Page" tests="1" failures="0" timestamp="2021-09-02T18:01:11 CDT" time="0.026" errors="0">
  <testcase name="month" time="0.026" classname="page.Month_Page"/>
  <system-out/>
</testsuite> <!-- page.Month_Page -->
